2023-06-03T08:43:33.828Z [right meow!] info: 🚀 Server is running on port 5000
2023-06-03T08:43:38.213Z [right meow!] info: 🔥 Database Connection Successful
{
  message: '🚀 Server is running on port 5000',
  level: 'info',
  label: 'UN MN',
  timestamp: '2023-06-03T10:17:25.378Z'
}
{
  message: '🔥 Database Connection Successful',
  level: 'info',
  label: 'UN MN',
  timestamp: '2023-06-03T10:17:29.175Z'
}
{
  message: '🚀 Server is running on port 5000',
  level: 'info',
  label: 'UN MN',
  timestamp: '2023-06-03T10:17:52.975Z'
}
{
  message: '🔥 Database Connection Successful',
  level: 'info',
  label: 'UN MN',
  timestamp: '2023-06-03T10:17:57.073Z'
}
{
  message: '🚀 Server is running on port 5000',
  level: 'info',
  label: 'UN MN',
  timestamp: '2023-06-03T10:41:35.751Z'
}
{
  message: 'Database connected',
  level: 'info',
  label: 'UN MN',
  timestamp: '2023-06-03T10:41:39.315Z'
}
{
  message: '🚀 Server is running on port 5000',
  level: 'info',
  label: 'UN MN',
  timestamp: '2023-06-03T10:41:58.895Z'
}
{
  message: '🚀 Server is running on port 5000',
  level: 'info',
  label: 'UN MN',
  timestamp: '2023-06-03T10:44:35.518Z'
}
{
  message: 'Database connected',
  level: 'info',
  label: 'UN MN',
  timestamp: '2023-06-03T10:44:39.796Z'
}
